<?xml version="1.0" encoding="UTF-8"?>
<!-- Generated by org.testng.reporters.JUnitReportReporter -->
<testsuite skipped="0" hostname="Home_Laptop" name="testNG.SampleTest" tests="2" failures="0" timestamp="2022-09-14T13:12:59 IST" time="0.008" errors="0">
  <testcase name="login" time="0.007" classname="testNG.SampleTest"/>
  <system-out/>
  <testcase name="testcase" time="0.001" classname="testNG.SampleTest"/>
  <system-out/>
</testsuite> <!-- testNG.SampleTest -->
